
> frontend@0.1.0 start
> react-scripts start

(node:98713) [DEP0176] DeprecationWarning: fs.F_OK is deprecated, use fs.constants.F_OK instead
(Use `node --trace-deprecation ...` to show where the warning was created)
(node:98713) [DEP_WEBPACK_DEV_SERVER_ON_AFTER_SETUP_MIDDLEWARE] DeprecationWarning: 'onAfterSetupMiddleware' option is deprecated. Please use the 'setupMiddlewares' option.
(node:98713) [DEP_WEBPACK_DEV_SERVER_ON_BEFORE_SETUP_MIDDLEWARE] DeprecationWarning: 'onBeforeSetupMiddleware' option is deprecated. Please use the 'setupMiddlewares' option.
Starting the development server...

Failed to compile.

Error: It looks like you're trying to use `tailwindcss` directly as a PostCSS plugin. The PostCSS plugin has moved to a separate package, so to continue using Tailwind CSS with PostCSS you'll need to install `@tailwindcss/postcss` and update your PostCSS configuration.
ERROR in ./src/index.css (./node_modules/css-loader/dist/cjs.js??ruleSet[1].rules[1].oneOf[5].use[1]!./node_modules/postcss-loader/dist/cjs.js??ruleSet[1].rules[1].oneOf[5].use[2]!./node_modules/source-map-loader/dist/cjs.js!./src/index.css)
Module build failed (from ./node_modules/postcss-loader/dist/cjs.js):
Error: It looks like you're trying to use `tailwindcss` directly as a PostCSS plugin. The PostCSS plugin has moved to a separate package, so to continue using Tailwind CSS with PostCSS you'll need to install `@tailwindcss/postcss` and update your PostCSS configuration.
    at We (/Users/tsinghal/Downloads/WebSite/frontend/node_modules/tailwindcss/dist/lib.js:35:2121)
    at LazyResult.runOnRoot (/Users/tsinghal/Downloads/WebSite/frontend/node_modules/postcss/lib/lazy-result.js:361:16)
    at LazyResult.runAsync (/Users/tsinghal/Downloads/WebSite/frontend/node_modules/postcss/lib/lazy-result.js:290:26)
    at LazyResult.async (/Users/tsinghal/Downloads/WebSite/frontend/node_modules/postcss/lib/lazy-result.js:192:30)
    at LazyResult.then (/Users/tsinghal/Downloads/WebSite/frontend/node_modules/postcss/lib/lazy-result.js:436:17)

webpack compiled with 1 error
No issues found.
Compiling...
Failed to compile.

Error: It looks like you're trying to use `tailwindcss` directly as a PostCSS plugin. The PostCSS plugin has moved to a separate package, so to continue using Tailwind CSS with PostCSS you'll need to install `@tailwindcss/postcss` and update your PostCSS configuration.
ERROR in ./src/index.css (./node_modules/css-loader/dist/cjs.js??ruleSet[1].rules[1].oneOf[5].use[1]!./node_modules/postcss-loader/dist/cjs.js??ruleSet[1].rules[1].oneOf[5].use[2]!./node_modules/source-map-loader/dist/cjs.js!./src/index.css)
Module build failed (from ./node_modules/postcss-loader/dist/cjs.js):
Error: It looks like you're trying to use `tailwindcss` directly as a PostCSS plugin. The PostCSS plugin has moved to a separate package, so to continue using Tailwind CSS with PostCSS you'll need to install `@tailwindcss/postcss` and update your PostCSS configuration.
    at We (/Users/tsinghal/Downloads/WebSite/frontend/node_modules/tailwindcss/dist/lib.js:35:2121)
    at LazyResult.runOnRoot (/Users/tsinghal/Downloads/WebSite/frontend/node_modules/postcss/lib/lazy-result.js:361:16)
    at LazyResult.runAsync (/Users/tsinghal/Downloads/WebSite/frontend/node_modules/postcss/lib/lazy-result.js:290:26)
    at LazyResult.async (/Users/tsinghal/Downloads/WebSite/frontend/node_modules/postcss/lib/lazy-result.js:192:30)
    at LazyResult.then (/Users/tsinghal/Downloads/WebSite/frontend/node_modules/postcss/lib/lazy-result.js:436:17)

webpack compiled with 1 error
No issues found.
Compiling...
Failed to compile.

Error: It looks like you're trying to use `tailwindcss` directly as a PostCSS plugin. The PostCSS plugin has moved to a separate package, so to continue using Tailwind CSS with PostCSS you'll need to install `@tailwindcss/postcss` and update your PostCSS configuration.
ERROR in ./src/index.css (./node_modules/css-loader/dist/cjs.js??ruleSet[1].rules[1].oneOf[5].use[1]!./node_modules/postcss-loader/dist/cjs.js??ruleSet[1].rules[1].oneOf[5].use[2]!./node_modules/source-map-loader/dist/cjs.js!./src/index.css)
Module build failed (from ./node_modules/postcss-loader/dist/cjs.js):
Error: It looks like you're trying to use `tailwindcss` directly as a PostCSS plugin. The PostCSS plugin has moved to a separate package, so to continue using Tailwind CSS with PostCSS you'll need to install `@tailwindcss/postcss` and update your PostCSS configuration.
    at We (/Users/tsinghal/Downloads/WebSite/frontend/node_modules/tailwindcss/dist/lib.js:35:2121)
    at LazyResult.runOnRoot (/Users/tsinghal/Downloads/WebSite/frontend/node_modules/postcss/lib/lazy-result.js:361:16)
    at LazyResult.runAsync (/Users/tsinghal/Downloads/WebSite/frontend/node_modules/postcss/lib/lazy-result.js:290:26)
    at LazyResult.async (/Users/tsinghal/Downloads/WebSite/frontend/node_modules/postcss/lib/lazy-result.js:192:30)
    at LazyResult.then (/Users/tsinghal/Downloads/WebSite/frontend/node_modules/postcss/lib/lazy-result.js:436:17)

webpack compiled with 1 error
No issues found.
Compiling...
Failed to compile.

Error: It looks like you're trying to use `tailwindcss` directly as a PostCSS plugin. The PostCSS plugin has moved to a separate package, so to continue using Tailwind CSS with PostCSS you'll need to install `@tailwindcss/postcss` and update your PostCSS configuration.
ERROR in ./src/index.css (./node_modules/css-loader/dist/cjs.js??ruleSet[1].rules[1].oneOf[5].use[1]!./node_modules/postcss-loader/dist/cjs.js??ruleSet[1].rules[1].oneOf[5].use[2]!./node_modules/source-map-loader/dist/cjs.js!./src/index.css)
Module build failed (from ./node_modules/postcss-loader/dist/cjs.js):
Error: It looks like you're trying to use `tailwindcss` directly as a PostCSS plugin. The PostCSS plugin has moved to a separate package, so to continue using Tailwind CSS with PostCSS you'll need to install `@tailwindcss/postcss` and update your PostCSS configuration.
    at We (/Users/tsinghal/Downloads/WebSite/frontend/node_modules/tailwindcss/dist/lib.js:35:2121)
    at LazyResult.runOnRoot (/Users/tsinghal/Downloads/WebSite/frontend/node_modules/postcss/lib/lazy-result.js:361:16)
    at LazyResult.runAsync (/Users/tsinghal/Downloads/WebSite/frontend/node_modules/postcss/lib/lazy-result.js:290:26)
    at LazyResult.async (/Users/tsinghal/Downloads/WebSite/frontend/node_modules/postcss/lib/lazy-result.js:192:30)
    at LazyResult.then (/Users/tsinghal/Downloads/WebSite/frontend/node_modules/postcss/lib/lazy-result.js:436:17)

webpack compiled with 1 error
No issues found.
Compiling...
Failed to compile.

Error: It looks like you're trying to use `tailwindcss` directly as a PostCSS plugin. The PostCSS plugin has moved to a separate package, so to continue using Tailwind CSS with PostCSS you'll need to install `@tailwindcss/postcss` and update your PostCSS configuration.
ERROR in ./src/index.css (./node_modules/css-loader/dist/cjs.js??ruleSet[1].rules[1].oneOf[5].use[1]!./node_modules/postcss-loader/dist/cjs.js??ruleSet[1].rules[1].oneOf[5].use[2]!./node_modules/source-map-loader/dist/cjs.js!./src/index.css)
Module build failed (from ./node_modules/postcss-loader/dist/cjs.js):
Error: It looks like you're trying to use `tailwindcss` directly as a PostCSS plugin. The PostCSS plugin has moved to a separate package, so to continue using Tailwind CSS with PostCSS you'll need to install `@tailwindcss/postcss` and update your PostCSS configuration.
    at We (/Users/tsinghal/Downloads/WebSite/frontend/node_modules/tailwindcss/dist/lib.js:35:2121)
    at LazyResult.runOnRoot (/Users/tsinghal/Downloads/WebSite/frontend/node_modules/postcss/lib/lazy-result.js:361:16)
    at LazyResult.runAsync (/Users/tsinghal/Downloads/WebSite/frontend/node_modules/postcss/lib/lazy-result.js:290:26)
    at LazyResult.async (/Users/tsinghal/Downloads/WebSite/frontend/node_modules/postcss/lib/lazy-result.js:192:30)
    at LazyResult.then (/Users/tsinghal/Downloads/WebSite/frontend/node_modules/postcss/lib/lazy-result.js:436:17)

webpack compiled with 1 error
No issues found.
Failed to compile.

Module not found: Error: Can't resolve '/Users/tsinghal/Downloads/WebSite/frontend/node_modules/@pmmmwh/react-refresh-webpack-plugin/client/ReactRefreshEntry.js' in '/Users/tsinghal/Downloads/WebSite/frontend'
ERROR in Module not found: Error: Can't resolve '/Users/tsinghal/Downloads/WebSite/frontend/node_modules/@pmmmwh/react-refresh-webpack-plugin/client/ReactRefreshEntry.js' in '/Users/tsinghal/Downloads/WebSite/frontend'

ERROR in main
Module not found: Error: Can't resolve '/Users/tsinghal/Downloads/WebSite/frontend/node_modules/babel-loader/lib/index.js' in '/Users/tsinghal/Downloads/WebSite/frontend'

ERROR in Module not found: Error: Can't resolve '/Users/tsinghal/Downloads/WebSite/frontend/node_modules/webpack-dev-server/client/index.js?protocol=ws%3A&hostname=0.0.0.0&port=3000&pathname=%2Fws&logging=none&overlay=%7B%22errors%22%3Atrue%2C%22warnings%22%3Afalse%7D&reconnect=10&hot=true&live-reload=true' in '/Users/tsinghal/Downloads/WebSite/frontend'

ERROR in Module not found: Error: Can't resolve '/Users/tsinghal/Downloads/WebSite/frontend/node_modules/webpack/hot/dev-server.js' in '/Users/tsinghal/Downloads/WebSite/frontend'

ERROR in Error: Child compilation failed:
Module not found: Error: Can't resolve '/Users/tsinghal/Downloads/WebSite/frontend/node_modules/html-webpack-plugin/lib/loader.js' in '/Users/tsinghal/Downloads/WebSite/frontend'
ModuleNotFoundError: Module not found: Error: Can't resolve '/Users/tsinghal/Downloads/WebSite/frontend/node_modules/html-webpack-plugin/lib/loader.js' in '/Users/tsinghal/Downloads/WebSite/frontend'
    at /Users/tsinghal/Downloads/WebSite/frontend/node_modules/webpack/lib/Compilation.js:2265:28
    at /Users/tsinghal/Downloads/WebSite/frontend/node_modules/webpack/lib/NormalModuleFactory.js:949:13
    at eval (eval at create (/Users/tsinghal/Downloads/WebSite/frontend/node_modules/tapable/lib/HookCodeFactory.js:31:10), <anonymous>:10:1)
    at /Users/tsinghal/Downloads/WebSite/frontend/node_modules/webpack/lib/NormalModuleFactory.js:347:22
    at eval (eval at create (/Users/tsinghal/Downloads/WebSite/frontend/node_modules/tapable/lib/HookCodeFactory.js:31:10), <anonymous>:9:1)
    at /Users/tsinghal/Downloads/WebSite/frontend/node_modules/webpack/lib/NormalModuleFactory.js:532:22
    at /Users/tsinghal/Downloads/WebSite/frontend/node_modules/webpack/lib/NormalModuleFactory.js:163:10
    at /Users/tsinghal/Downloads/WebSite/frontend/node_modules/webpack/lib/NormalModuleFactory.js:769:23
    at /Users/tsinghal/Downloads/WebSite/frontend/node_modules/neo-async/async.js:2830:7
    at done (/Users/tsinghal/Downloads/WebSite/frontend/node_modules/neo-async/async.js:2925:13)
    at /Users/tsinghal/Downloads/WebSite/frontend/node_modules/webpack/lib/NormalModuleFactory.js:1218:23
    at finishWithoutResolve (/Users/tsinghal/Downloads/WebSite/frontend/node_modules/enhanced-resolve/lib/Resolver.js:568:11)
    at /Users/tsinghal/Downloads/WebSite/frontend/node_modules/enhanced-resolve/lib/Resolver.js:657:14
    at /Users/tsinghal/Downloads/WebSite/frontend/node_modules/enhanced-resolve/lib/Resolver.js:718:5
    at eval (eval at create (/Users/tsinghal/Downloads/WebSite/frontend/node_modules/tapable/lib/HookCodeFactory.js:31:10), <anonymous>:16:1)
    at /Users/tsinghal/Downloads/WebSite/frontend/node_modules/enhanced-resolve/lib/Resolver.js:718:5
    at eval (eval at create (/Users/tsinghal/Downloads/WebSite/frontend/node_modules/tapable/lib/HookCodeFactory.js:31:10), <anonymous>:27:1)
    at /Users/tsinghal/Downloads/WebSite/frontend/node_modules/enhanced-resolve/lib/DescriptionFilePlugin.js:89:43
    at /Users/tsinghal/Downloads/WebSite/frontend/node_modules/enhanced-resolve/lib/Resolver.js:718:5
    at eval (eval at create (/Users/tsinghal/Downloads/WebSite/frontend/node_modules/tapable/lib/HookCodeFactory.js:31:10), <anonymous>:15:1)
    at /Users/tsinghal/Downloads/WebSite/frontend/node_modules/enhanced-resolve/lib/Resolver.js:718:5
    at eval (eval at create (/Users/tsinghal/Downloads/WebSite/frontend/node_modules/tapable/lib/HookCodeFactory.js:31:10), <anonymous>:15:1)
    at /Users/tsinghal/Downloads/WebSite/frontend/node_modules/enhanced-resolve/lib/Resolver.js:718:5
    at eval (eval at create (/Users/tsinghal/Downloads/WebSite/frontend/node_modules/tapable/lib/HookCodeFactory.js:31:10), <anonymous>:16:1)
    at /Users/tsinghal/Downloads/WebSite/frontend/node_modules/enhanced-resolve/lib/Resolver.js:718:5
    at eval (eval at create (/Users/tsinghal/Downloads/WebSite/frontend/node_modules/tapable/lib/HookCodeFactory.js:31:10), <anonymous>:27:1)
    at /Users/tsinghal/Downloads/WebSite/frontend/node_modules/enhanced-resolve/lib/DescriptionFilePlugin.js:89:43
    at /Users/tsinghal/Downloads/WebSite/frontend/node_modules/enhanced-resolve/lib/Resolver.js:718:5
    at eval (eval at create (/Users/tsinghal/Downloads/WebSite/frontend/node_modules/tapable/lib/HookCodeFactory.js:31:10), <anonymous>:16:1)
    at /Users/tsinghal/Downloads/WebSite/frontend/node_modules/enhanced-resolve/lib/Resolver.js:718:5
    at eval (eval at create (/Users/tsinghal/Downloads/WebSite/frontend/node_modules/tapable/lib/HookCodeFactory.js:31:10), <anonymous>:15:1)
    at /Users/tsinghal/Downloads/WebSite/frontend/node_modules/enhanced-resolve/lib/DirectoryExistsPlugin.js:43:15
    at process.processTicksAndRejections (node:internal/process/task_queues:89:21)

1 ERROR in child compilations (Use 'stats.children: true' resp. '--stats-children' for more details)
webpack compiled with 6 errors
No issues found.
